# JRE version: Java(TM) SE Runtime Environment (8.0_73-b02) (build 1.8.0_73-b02)
# Java VM: Java HotSpot(TM) 64-Bit Server VM (25.73-b02 mixed mode windows-amd64 compressed oops)
Heap:
 PSYoungGen      total 38400K, used 789K [0x00000000d5f00000, 0x00000000d8980000, 0x0000000100000000)
  eden space 33280K, 2% used [0x00000000d5f00000,0x00000000d5fc5648,0x00000000d7f80000)
  from space 5120K, 0% used [0x00000000d8480000,0x00000000d8480000,0x00000000d8980000)
  to   space 5120K, 0% used [0x00000000d7f80000,0x00000000d7f80000,0x00000000d8480000)
 ParOldGen       total 87552K, used 5283K [0x0000000081c00000, 0x0000000087180000, 0x00000000d5f00000)
  object space 87552K, 6% used [0x0000000081c00000,0x0000000082128fe8,0x0000000087180000)
 Metaspace       used 18127K, capacity 18334K, committed 18688K, reserved 1064960K
  class space    used 2194K, capacity 2257K, committed 2304K, reserved 1048576K
GC Heap History (10 events):
Event: 32.701 GC heap before
{Heap before GC invocations=4 (full 1):
 PSYoungGen      total 38400K, used 33568K [0x00000000d5f00000, 0x00000000d8980000, 0x0000000100000000)
  eden space 33280K, 100% used [0x00000000d5f00000,0x00000000d7f80000,0x00000000d7f80000)
  from space 5120K, 5% used [0x00000000d8480000,0x00000000d84c8000,0x00000000d8980000)
  to   space 5120K, 0% used [0x00000000d7f80000,0x00000000d7f80000,0x00000000d8480000)
 ParOldGen       total 87552K, used 5620K [0x0000000081c00000, 0x0000000087180000, 0x00000000d5f00000)
  object space 87552K, 6% used [0x0000000081c00000,0x000000008217d160,0x0000000087180000)
 Metaspace       used 17676K, capacity 17862K, committed 18176K, reserved 1064960K
  class space    used 2181K, capacity 2253K, committed 2304K, reserved 1048576K
Event: 32.705 GC heap after
Heap after GC invocations=4 (full 1):
 PSYoungGen      total 38400K, used 640K [0x00000000d5f00000, 0x00000000d8980000, 0x0000000100000000)
  eden space 33280K, 0% used [0x00000000d5f00000,0x00000000d5f00000,0x00000000d7f80000)
  from space 5120K, 12% used [0x00000000d7f80000,0x00000000d8020000,0x00000000d8480000)
  to   space 5120K, 0% used [0x00000000d8480000,0x00000000d8480000,0x00000000d8980000)
 ParOldGen       total 87552K, used 5628K [0x0000000081c00000, 0x0000000087180000, 0x00000000d5f00000)
  object space 87552K, 6% used [0x0000000081c00000,0x000000008217f160,0x0000000087180000)
 Metaspace       used 17676K, capacity 17862K, committed 18176K, reserved 1064960K
  class space    used 2181K, capacity 2253K, committed 2304K, reserved 1048576K
}
Event: 46.381 GC heap before
{Heap before GC invocations=5 (full 1):
 PSYoungGen      total 38400K, used 33920K [0x00000000d5f00000, 0x00000000d8980000, 0x0000000100000000)
  eden space 33280K, 100% used [0x00000000d5f00000,0x00000000d7f80000,0x00000000d7f80000)
  from space 5120K, 12% used [0x00000000d7f80000,0x00000000d8020000,0x00000000d8480000)
  to   space 5120K, 0% used [0x00000000d8480000,0x00000000d8480000,0x00000000d8980000)
 ParOldGen       total 87552K, used 5628K [0x0000000081c00000, 0x0000000087180000, 0x00000000d5f00000)
  object space 87552K, 6% used [0x0000000081c00000,0x000000008217f160,0x0000000087180000)
 Metaspace       used 17723K, capacity 17926K, committed 18176K, reserved 1064960K
  class space    used 2181K, capacity 2253K, committed 2304K, reserved 1048576K
Event: 46.386 GC heap after
Heap after GC invocations=5 (full 1):
 PSYoungGen      total 38400K, used 608K [0x00000000d5f00000, 0x00000000d8980000, 0x0000000100000000)
  eden space 33280K, 0% used [0x00000000d5f00000,0x00000000d5f00000,0x00000000d7f80000)
  from space 5120K, 11% used [0x00000000d8480000,0x00000000d8518000,0x00000000d8980000)
  to   space 5120K, 0% used [0x00000000d7f80000,0x00000000d7f80000,0x00000000d8480000)
 ParOldGen       total 87552K, used 5636K [0x0000000081c00000, 0x0000000087180000, 0x00000000d5f00000)
  object space 87552K, 6% used [0x0000000081c00000,0x0000000082181160,0x0000000087180000)
 Metaspace       used 17723K, capacity 17926K, committed 18176K, reserved 1064960K
  class space    used 2181K, capacity 2253K, committed 2304K, reserved 1048576K
}
Event: 60.245 GC heap before
{Heap before GC invocations=6 (full 1):
 PSYoungGen      total 38400K, used 33888K [0x00000000d5f00000, 0x00000000d8980000, 0x0000000100000000)
  eden space 33280K, 100% used [0x00000000d5f00000,0x00000000d7f80000,0x00000000d7f80000)
  from space 5120K, 11% used [0x00000000d8480000,0x00000000d8518000,0x00000000d8980000)
  to   space 5120K, 0% used [0x00000000d7f80000,0x00000000d7f80000,0x00000000d8480000)
 ParOldGen       total 87552K, used 5636K [0x0000000081c00000, 0x0000000087180000, 0x00000000d5f00000)
  object space 87552K, 6% used [0x0000000081c00000,0x0000000082181160,0x0000000087180000)
 Metaspace       used 17753K, capacity 17926K, committed 18176K, reserved 1064960K
  class space    used 2181K, capacity 2253K, committed 2304K, reserved 1048576K
Event: 60.250 GC heap after
Heap after GC invocations=6 (full 1):
 PSYoungGen      total 38400K, used 640K [0x00000000d5f00000, 0x00000000d8980000, 0x0000000100000000)
  eden space 33280K, 0% used [0x00000000d5f00000,0x00000000d5f00000,0x00000000d7f80000)
  from space 5120K, 12% used [0x00000000d7f80000,0x00000000d8020000,0x00000000d8480000)
  to   space 5120K, 0% used [0x00000000d8480000,0x00000000d8480000,0x00000000d8980000)
 ParOldGen       total 87552K, used 5644K [0x0000000081c00000, 0x0000000087180000, 0x00000000d5f00000)
  object space 87552K, 6% used [0x0000000081c00000,0x0000000082183160,0x0000000087180000)
 Metaspace       used 17753K, capacity 17926K, committed 18176K, reserved 1064960K
  class space    used 2181K, capacity 2253K, committed 2304K, reserved 1048576K
}
Event: 833.894 GC heap before
{Heap before GC invocations=7 (full 1):
 PSYoungGen      total 38400K, used 5320K [0x00000000d5f00000, 0x00000000d8980000, 0x0000000100000000)
  eden space 33280K, 14% used [0x00000000d5f00000,0x00000000d63921a0,0x00000000d7f80000)
  from space 5120K, 12% used [0x00000000d7f80000,0x00000000d8020000,0x00000000d8480000)
  to   space 5120K, 0% used [0x00000000d8480000,0x00000000d8480000,0x00000000d8980000)
 ParOldGen       total 87552K, used 5644K [0x0000000081c00000, 0x0000000087180000, 0x00000000d5f00000)
  object space 87552K, 6% used [0x0000000081c00000,0x0000000082183160,0x0000000087180000)
 Metaspace       used 18019K, capacity 18270K, committed 18688K, reserved 1064960K
  class space    used 2193K, capacity 2257K, committed 2304K, reserved 1048576K
Event: 833.909 GC heap after
Heap after GC invocations=7 (full 1):
 PSYoungGen      total 38400K, used 800K [0x00000000d5f00000, 0x00000000d8980000, 0x0000000100000000)
  eden space 33280K, 0% used [0x00000000d5f00000,0x00000000d5f00000,0x00000000d7f80000)
  from space 5120K, 15% used [0x00000000d8480000,0x00000000d8548000,0x00000000d8980000)
  to   space 5120K, 0% used [0x00000000d7f80000,0x00000000d7f80000,0x00000000d8480000)
 ParOldGen       total 87552K, used 5652K [0x0000000081c00000, 0x0000000087180000, 0x00000000d5f00000)
  object space 87552K, 6% used [0x0000000081c00000,0x0000000082185160,0x0000000087180000)
 Metaspace       used 18019K, capacity 18270K, committed 18688K, reserved 1064960K
  class space    used 2193K, capacity 2257K, committed 2304K, reserved 1048576K
}
Event: 833.909 GC heap before
{Heap before GC invocations=8 (full 2):
 PSYoungGen      total 38400K, used 800K [0x00000000d5f00000, 0x00000000d8980000, 0x0000000100000000)
  eden space 33280K, 0% used [0x00000000d5f00000,0x00000000d5f00000,0x00000000d7f80000)
  from space 5120K, 15% used [0x00000000d8480000,0x00000000d8548000,0x00000000d8980000)
  to   space 5120K, 0% used [0x00000000d7f80000,0x00000000d7f80000,0x00000000d8480000)
 ParOldGen       total 87552K, used 5652K [0x0000000081c00000, 0x0000000087180000, 0x00000000d5f00000)
  object space 87552K, 6% used [0x0000000081c00000,0x0000000082185160,0x0000000087180000)
 Metaspace       used 18019K, capacity 18270K, committed 18688K, reserved 1064960K
  class space    used 2193K, capacity 2257K, committed 2304K, reserved 1048576K
Event: 834.053 GC heap after
Heap after GC invocations=8 (full 2):
 PSYoungGen      total 38400K, used 0K [0x00000000d5f00000, 0x00000000d8980000, 0x0000000100000000)
  eden space 33280K, 0% used [0x00000000d5f00000,0x00000000d5f00000,0x00000000d7f80000)
  from space 5120K, 0% used [0x00000000d8480000,0x00000000d8480000,0x00000000d8980000)
  to   space 5120K, 0% used [0x00000000d7f80000,0x00000000d7f80000,0x00000000d8480000)
 ParOldGen       total 87552K, used 5283K [0x0000000081c00000, 0x0000000087180000, 0x00000000d5f00000)
  object space 87552K, 6% used [0x0000000081c00000,0x0000000082128fe8,0x0000000087180000)
 Metaspace       used 18019K, capacity 18270K, committed 18688K, reserved 1064960K
  class space    used 2193K, capacity 2257K, committed 2304K, reserved 1048576K
}

